Start testing: Apr 16 14:41 CST
----------------------------------------------------------
1/5 Testing: test_run
1/5 Test: test_run
Command: "/Users/jjbook/Documents/JJ/projects/cmake/Demo7/Demo" "5" "2"
Directory: /Users/jjbook/Documents/JJ/projects/cmake/Demo7
"test_run" start time: Apr 16 14:41 CST
Output:
----------------------------------------------------------
Now we use the standard library. 
5 ^ 2 is 25
<end of output>
Test time =   2.84 sec
----------------------------------------------------------
Test Passed.
"test_run" end time: Apr 16 14:41 CST
"test_run" time elapsed: 00:00:02
----------------------------------------------------------

2/5 Testing: test_usage
2/5 Test: test_usage
Command: "/Users/jjbook/Documents/JJ/projects/cmake/Demo7/Demo"
Directory: /Users/jjbook/Documents/JJ/projects/cmake/Demo7
"test_usage" start time: Apr 16 14:41 CST
Output:
----------------------------------------------------------
/Users/jjbook/Documents/JJ/projects/cmake/Demo7/Demo Version 1.0 
Usage: /Users/jjbook/Documents/JJ/projects/cmake/Demo7/Demo base exponent 
<end of output>
Test time =   0.00 sec
----------------------------------------------------------
Test Pass Reason:
Required regular expression found. Regex=[Usage: .*]
"test_usage" end time: Apr 16 14:41 CST
"test_usage" time elapsed: 00:00:00
----------------------------------------------------------

3/5 Testing: test_5_2
3/5 Test: test_5_2
Command: "/Users/jjbook/Documents/JJ/projects/cmake/Demo7/Demo" "5" "2"
Directory: /Users/jjbook/Documents/JJ/projects/cmake/Demo7
"test_5_2" start time: Apr 16 14:41 CST
Output:
----------------------------------------------------------
Now we use the standard library. 
5 ^ 2 is 25
<end of output>
Test time =   0.00 sec
----------------------------------------------------------
Test Pass Reason:
Required regular expression found. Regex=[is 25]
"test_5_2" end time: Apr 16 14:41 CST
"test_5_2" time elapsed: 00:00:00
----------------------------------------------------------

4/5 Testing: test_10_5
4/5 Test: test_10_5
Command: "/Users/jjbook/Documents/JJ/projects/cmake/Demo7/Demo" "10" "5"
Directory: /Users/jjbook/Documents/JJ/projects/cmake/Demo7
"test_10_5" start time: Apr 16 14:41 CST
Output:
----------------------------------------------------------
Now we use the standard library. 
10 ^ 5 is 100000
<end of output>
Test time =   0.00 sec
----------------------------------------------------------
Test Pass Reason:
Required regular expression found. Regex=[is 100000]
"test_10_5" end time: Apr 16 14:41 CST
"test_10_5" time elapsed: 00:00:00
----------------------------------------------------------

5/5 Testing: test_2_10
5/5 Test: test_2_10
Command: "/Users/jjbook/Documents/JJ/projects/cmake/Demo7/Demo" "2" "10"
Directory: /Users/jjbook/Documents/JJ/projects/cmake/Demo7
"test_2_10" start time: Apr 16 14:41 CST
Output:
----------------------------------------------------------
Now we use the standard library. 
2 ^ 10 is 1024
<end of output>
Test time =   0.00 sec
----------------------------------------------------------
Test Pass Reason:
Required regular expression found. Regex=[is 1024]
"test_2_10" end time: Apr 16 14:41 CST
"test_2_10" time elapsed: 00:00:00
----------------------------------------------------------

End testing: Apr 16 14:41 CST
